<?xml version="1.0" encoding="UTF-8"?>
<testng-results ignored="0" total="3" passed="3" failed="0" skipped="0">
  <reporter-output>
  </reporter-output>
  <suite started-at="2020-11-03T17:50:59 IST" name="Suite" finished-at="2020-11-03T17:51:03 IST" duration-ms="3649">
    <groups>
    </groups>
    <test started-at="2020-11-03T17:50:59 IST" name="Test1" finished-at="2020-11-03T17:51:03 IST" duration-ms="3649">
      <class name="Test.APITest">
        <test-method signature="Validate_Weather_API(java.lang.String)[pri:0, instance:Test.APITest@5ab9e72c]" started-at="2020-11-03T17:50:59 IST" name="Validate_Weather_API" finished-at="2020-11-03T17:51:03 IST" duration-ms="3564" status="PASS">
          <params>
            <param index="0">
              <value>
                <![CDATA[Allahabad]]>
              </value>
            </param>
          </params>
          <reporter-output>
          </reporter-output>
        </test-method> <!-- Validate_Weather_API -->
      </class> <!-- Test.APITest -->
    </test> <!-- Test1 -->
    <test started-at="2020-11-03T17:50:59 IST" name="Test3" finished-at="2020-11-03T17:51:03 IST" duration-ms="3637">
      <class name="Test.APITest">
        <test-method signature="Validate_Weather_API(java.lang.String)[pri:0, instance:Test.APITest@4ef37659]" started-at="2020-11-03T17:50:59 IST" name="Validate_Weather_API" finished-at="2020-11-03T17:51:03 IST" duration-ms="3564" status="PASS">
          <params>
            <param index="0">
              <value>
                <![CDATA[Lucknow]]>
              </value>
            </param>
          </params>
          <reporter-output>
          </reporter-output>
        </test-method> <!-- Validate_Weather_API -->
      </class> <!-- Test.APITest -->
    </test> <!-- Test3 -->
    <test started-at="2020-11-03T17:50:59 IST" name="Test2" finished-at="2020-11-03T17:51:03 IST" duration-ms="3640">
      <class name="Test.APITest">
        <test-method signature="Validate_Weather_API(java.lang.String)[pri:0, instance:Test.APITest@2e1d27ba]" started-at="2020-11-03T17:50:59 IST" name="Validate_Weather_API" finished-at="2020-11-03T17:51:03 IST" duration-ms="3565" status="PASS">
          <params>
            <param index="0">
              <value>
                <![CDATA[Bangalore]]>
              </value>
            </param>
          </params>
          <reporter-output>
          </reporter-output>
        </test-method> <!-- Validate_Weather_API -->
      </class> <!-- Test.APITest -->
    </test> <!-- Test2 -->
  </suite> <!-- Suite -->
</testng-results>
