<?xml version="1.0" encoding="UTF-8"?>
<testsuite xmlns:xsi="http://www.w3.org/2001/XMLSchema-instance" xsi:noNamespaceSchemaLocation="https://maven.apache.org/surefire/maven-surefire-plugin/xsd/surefire-test-report-3.0.xsd" version="3.0" name="TestSuite" time="4.727" tests="3" errors="0" skipped="0" failures="0">
  <properties>
[...]
</properties>
  <testcase name="Validate_Weather_API[Lucknow](1)" classname="Test.APITest" time="3.575"/>
  <testcase name="Validate_Weather_API[Bangalore](1)" classname="Test.APITest" time="3.582"/>
  <testcase name="Validate_Weather_API[Allahabad](1)" classname="Test.APITest" time="3.582"/>
</testsuite>