<?xml version="1.0" encoding="UTF-8"?>
<testng-results ignored="0" total="3" passed="3" failed="0" skipped="0">
  <reporter-output>
  </reporter-output>
  <suite started-at="2020-11-03T21:59:05 IST" name="Suite" finished-at="2020-11-03T21:59:08 IST" duration-ms="3483">
    <groups>
    </groups>
    <test started-at="2020-11-03T21:59:05 IST" name="Validate weather API for Lucknow" finished-at="2020-11-03T21:59:08 IST" duration-ms="3303">
      <class name="Test.APITest">
        <test-method signature="Validate_Weather_API(java.lang.String)[pri:0, instance:Test.APITest@10feca44]" started-at="2020-11-03T21:59:05 IST" name="Validate_Weather_API" finished-at="2020-11-03T21:59:08 IST" duration-ms="3217" status="PASS">
          <params>
            <param index="0">
              <value>
                <![CDATA[Lucknow]]>
              </value>
            </param>
          </params>
          <reporter-output>
          </reporter-output>
        </test-method> <!-- Validate_Weather_API -->
      </class> <!-- Test.APITest -->
    </test> <!-- Validate weather API for Lucknow -->
    <test started-at="2020-11-03T21:59:05 IST" name="Validate weather API for Allahabad" finished-at="2020-11-03T21:59:08 IST" duration-ms="3483">
      <class name="Test.APITest">
        <test-method signature="Validate_Weather_API(java.lang.String)[pri:0, instance:Test.APITest@625732]" started-at="2020-11-03T21:59:05 IST" name="Validate_Weather_API" finished-at="2020-11-03T21:59:08 IST" duration-ms="3402" status="PASS">
          <params>
            <param index="0">
              <value>
                <![CDATA[Allahabad]]>
              </value>
            </param>
          </params>
          <reporter-output>
          </reporter-output>
        </test-method> <!-- Validate_Weather_API -->
      </class> <!-- Test.APITest -->
    </test> <!-- Validate weather API for Allahabad -->
    <test started-at="2020-11-03T21:59:05 IST" name="Validate weather API for Bangalore" finished-at="2020-11-03T21:59:08 IST" duration-ms="3303">
      <class name="Test.APITest">
        <test-method signature="Validate_Weather_API(java.lang.String)[pri:0, instance:Test.APITest@4de4b452]" started-at="2020-11-03T21:59:05 IST" name="Validate_Weather_API" finished-at="2020-11-03T21:59:08 IST" duration-ms="3216" status="PASS">
          <params>
            <param index="0">
              <value>
                <![CDATA[Bangalore]]>
              </value>
            </param>
          </params>
          <reporter-output>
          </reporter-output>
        </test-method> <!-- Validate_Weather_API -->
      </class> <!-- Test.APITest -->
    </test> <!-- Validate weather API for Bangalore -->
  </suite> <!-- Suite -->
</testng-results>
